<component name="libraryTable">
  <library name="SBT: junit:junit:4.11">
    <CLASSES>
      <root url="jar://C:\play\repository\local\junit\junit\4.11\jars\junit.jar!/"></root>
    </CLASSES>
    <JAVADOC> </JAVADOC>
    <SOURCES> </SOURCES>
  </library>
</component>